Solid Edge Translation to STEP
Date: Tuesday,January 17,2023 02:35PM
Output File: D:\Bakalaureus\Gen. 3 - Kertrud\Ekraani disain\Versioon 2\STEP files\Motor_mount_top.stp
Author: Unknown
Organization: Unknown
Source System: Solid Edge

Hardware:
Processor: Intel(R) Core(TM) i7-5700HQ CPU @ 2.70GHz
Operating System: Windows 8
Installed Memory: 7.91 GB

Software Information
Parasolid Version: 30.0.167
PSBodyShop Version: 30.0.81
Step Adapter Version: 3.0.52
Solid Edge Version: 110.00.00.107 x64

STEP Export Options
Export Format: AP214
Export Construction Sheets: Off
Export Construction Solids: Off
Export Construction Wires: Off
Export Displayed Parts Only: Off
Export Units: Millimeters
Export Part Component Names As Unicode: Off

Phase 1 of 1 Translating Parasolid to foreign data types...
Translation process completed
Time required to translate:00 : 00 : 01
